TN:
SF:src/components/Cart/cartModule/Cart.js
FN:8,(anonymous_0)
FN:13,(anonymous_1)
FN:17,(anonymous_2)
FN:25,(anonymous_3)
FNF:4
FNH:1
FNDA:1,(anonymous_0)
FNDA:0,(anonymous_1)
FNDA:0,(anonymous_2)
FNDA:0,(anonymous_3)
DA:8,1
DA:10,1
DA:11,1
DA:13,1
DA:14,0
DA:17,1
DA:18,0
DA:21,1
DA:24,1
DA:26,0
DA:38,0
LF:11
LH:7
BRDA:49,0,0,0
BRDA:49,0,1,0
BRF:2
BRH:0
end_of_record
TN:
SF:src/components/Meals/mealItemForm/MealItemForm.js
FN:5,(anonymous_0)
FN:10,(anonymous_1)
FNF:2
FNH:0
FNDA:0,(anonymous_0)
FNDA:0,(anonymous_1)
DA:5,1
DA:7,0
DA:8,0
DA:10,0
DA:11,0
DA:13,0
DA:14,0
DA:16,0
DA:21,0
DA:22,0
DA:25,0
DA:29,0
LF:12
LH:1
BRDA:16,0,0,0
BRDA:16,0,1,0
BRDA:17,1,0,0
BRDA:17,1,1,0
BRDA:17,1,2,0
BRDA:45,2,0,0
BRDA:45,2,1,0
BRF:7
BRH:0
end_of_record
TN:
SF:src/components/Meals/mealsSummary/MealsSummary.js
FN:3,(anonymous_0)
FNF:1
FNH:0
FNDA:0,(anonymous_0)
DA:3,1
DA:4,0
LF:2
LH:1
BRF:0
BRH:0
end_of_record
TN:
SF:src/components/UI/card/Card.js
FN:3,(anonymous_0)
FNF:1
FNH:0
FNDA:0,(anonymous_0)
DA:3,1
DA:4,0
LF:2
LH:1
BRF:0
BRH:0
end_of_record
TN:
SF:src/store/CartContext.js
FN:6,(anonymous_0)
FN:7,(anonymous_1)
FN:10,(anonymous_2)
FNF:3
FNH:0
FNDA:0,(anonymous_0)
FNDA:0,(anonymous_1)
FNDA:0,(anonymous_2)
DA:3,1
DA:10,1
LF:2
LH:2
BRF:0
BRH:0
end_of_record
